Started GET "/" for 127.0.0.1 at 2022-09-10 15:00:05 +0300
  
ActiveRecord::NoDatabaseError (FATAL:  database "one_story_point_development" does not exist
):
  
activerecord (6.1.7) lib/active_record/connection_adapters/postgresql_adapter.rb:81:in `rescue in new_client'
activerecord (6.1.7) lib/active_record/connection_adapters/postgresql_adapter.rb:77:in `new_client'
activerecord (6.1.7) lib/active_record/connection_adapters/postgresql_adapter.rb:37:in `postgresql_connection'
activerecord (6.1.7) lib/active_record/connection_adapters/abstract/connection_pool.rb:882:in `public_send'
activerecord (6.1.7) lib/active_record/connection_adapters/abstract/connection_pool.rb:882:in `new_connection'
activerecord (6.1.7) lib/active_record/connection_adapters/abstract/connection_pool.rb:926:in `checkout_new_connection'
activerecord (6.1.7) lib/active_record/connection_adapters/abstract/connection_pool.rb:905:in `try_to_checkout_new_connection'
activerecord (6.1.7) lib/active_record/connection_adapters/abstract/connection_pool.rb:866:in `acquire_connection'
activerecord (6.1.7) lib/active_record/connection_adapters/abstract/connection_pool.rb:588:in `checkout'
activerecord (6.1.7) lib/active_record/connection_adapters/abstract/connection_pool.rb:428:in `connection'
activerecord (6.1.7) lib/active_record/connection_adapters/abstract/connection_pool.rb:1128:in `retrieve_connection'
activerecord (6.1.7) lib/active_record/connection_handling.rb:327:in `retrieve_connection'
activerecord (6.1.7) lib/active_record/connection_handling.rb:283:in `connection'
activerecord (6.1.7) lib/active_record/migration.rb:611:in `connection'
activerecord (6.1.7) lib/active_record/migration.rb:606:in `build_watcher'
activerecord (6.1.7) lib/active_record/migration.rb:588:in `block in call'
activerecord (6.1.7) lib/active_record/migration.rb:587:in `synchronize'
activerecord (6.1.7) lib/active_record/migration.rb:587:in `call'
actionpack (6.1.7) lib/action_dispatch/middleware/callbacks.rb:27:in `block in call'
activesupport (6.1.7) lib/active_support/callbacks.rb:98:in `run_callbacks'
actionpack (6.1.7) lib/action_dispatch/middleware/callbacks.rb:26:in `call'
actionpack (6.1.7) lib/action_dispatch/middleware/executor.rb:14:in `call'
actionpack (6.1.7) lib/action_dispatch/middleware/actionable_exceptions.rb:18:in `call'
actionpack (6.1.7) lib/action_dispatch/middleware/debug_exceptions.rb:29:in `call'
web-console (4.2.0) lib/web_console/middleware.rb:132:in `call_app'
web-console (4.2.0) lib/web_console/middleware.rb:28:in `block in call'
web-console (4.2.0) lib/web_console/middleware.rb:17:in `catch'
web-console (4.2.0) lib/web_console/middleware.rb:17:in `call'
actionpack (6.1.7) lib/action_dispatch/middleware/show_exceptions.rb:33:in `call'
railties (6.1.7) lib/rails/rack/logger.rb:37:in `call_app'
railties (6.1.7) lib/rails/rack/logger.rb:26:in `block in call'
activesupport (6.1.7) lib/active_support/tagged_logging.rb:99:in `block in tagged'
activesupport (6.1.7) lib/active_support/tagged_logging.rb:37:in `tagged'
activesupport (6.1.7) lib/active_support/tagged_logging.rb:99:in `tagged'
railties (6.1.7) lib/rails/rack/logger.rb:26:in `call'
sprockets-rails (3.4.2) lib/sprockets/rails/quiet_assets.rb:13:in `call'
actionpack (6.1.7) lib/action_dispatch/middleware/remote_ip.rb:81:in `call'
actionpack (6.1.7) lib/action_dispatch/middleware/request_id.rb:26:in `call'
rack (2.2.4) lib/rack/method_override.rb:24:in `call'
rack (2.2.4) lib/rack/runtime.rb:22:in `call'
activesupport (6.1.7) lib/active_support/cache/strategy/local_cache_middleware.rb:29:in `call'
actionpack (6.1.7) lib/action_dispatch/middleware/executor.rb:14:in `call'
actionpack (6.1.7) lib/action_dispatch/middleware/static.rb:24:in `call'
rack (2.2.4) lib/rack/sendfile.rb:110:in `call'
actionpack (6.1.7) lib/action_dispatch/middleware/host_authorization.rb:148:in `call'
rack-mini-profiler (2.3.4) lib/mini_profiler/profiler.rb:393:in `call'
webpacker (5.4.3) lib/webpacker/dev_server_proxy.rb:25:in `perform_request'
rack-proxy (0.7.2) lib/rack/proxy.rb:67:in `call'
railties (6.1.7) lib/rails/engine.rb:539:in `call'
puma (5.6.5) lib/puma/configuration.rb:252:in `call'
puma (5.6.5) lib/puma/request.rb:77:in `block in handle_request'
puma (5.6.5) lib/puma/thread_pool.rb:340:in `with_force_shutdown'
puma (5.6.5) lib/puma/request.rb:76:in `handle_request'
puma (5.6.5) lib/puma/server.rb:443:in `process_client'
puma (5.6.5) lib/puma/thread_pool.rb:147:in `block in spawn_thread'
  [1m[35m (184.0ms)[0m  [1m[35mCREATE DATABASE "one_story_point_development" ENCODING = 'unicode'[0m
  [1m[35m (43.1ms)[0m  [1m[35mCREATE DATABASE "one_story_point_test" ENCODING = 'unicode'[0m
Started GET "/" for 127.0.0.1 at 2022-09-10 15:01:06 +0300
Processing by Rails::WelcomeController#index as HTML
  Rendering /home/drew/.rbenv/versions/2.7.2/lib/ruby/gems/2.7.0/gems/railties-6.1.7/lib/rails/templates/rails/welcome/index.html.erb
  Rendered /home/drew/.rbenv/versions/2.7.2/lib/ruby/gems/2.7.0/gems/railties-6.1.7/lib/rails/templates/rails/welcome/index.html.erb (Duration: 4.5ms | Allocations: 340)
Completed 200 OK in 12ms (Views: 5.7ms | ActiveRecord: 0.0ms | Allocations: 2886)


Started GET "/" for 127.0.0.1 at 2022-09-10 15:01:07 +0300
Processing by Rails::WelcomeController#index as HTML
  Rendering /home/drew/.rbenv/versions/2.7.2/lib/ruby/gems/2.7.0/gems/railties-6.1.7/lib/rails/templates/rails/welcome/index.html.erb
  Rendered /home/drew/.rbenv/versions/2.7.2/lib/ruby/gems/2.7.0/gems/railties-6.1.7/lib/rails/templates/rails/welcome/index.html.erb (Duration: 11.4ms | Allocations: 223)
Completed 200 OK in 13ms (Views: 12.4ms | ActiveRecord: 0.0ms | Allocations: 836)


  [1m[35m (8.5ms)[0m  [1m[35mCREATE TABLE "schema_migrations" ("version" character varying NOT NULL PRIMARY KEY)[0m
  [1m[35m (4.2ms)[0m  [1m[35mCREATE TABLE "ar_internal_metadata" ("key" character varying NOT NULL PRIMARY KEY, "value" character varying, "created_at" timestamp(6) NOT NULL, "updated_at" timestamp(6) NOT NULL)[0m
  [1m[35m (0.1ms)[0m  [1m[34mSELECT pg_try_advisory_lock(7036399119500660280)[0m
  [1m[35m (0.3ms)[0m  [1m[34mSELECT "schema_migrations"."version" FROM "schema_migrations" ORDER BY "schema_migrations"."version" ASC[0m
Migrating to DeviseCreateAdminUsers (20220910121244)
  [1m[36mTRANSACTION (0.1ms)[0m  [1m[35mBEGIN[0m
  [1m[35m (4.9ms)[0m  [1m[35mCREATE TABLE "admin_users" ("id" bigserial primary key, "email" character varying DEFAULT '' NOT NULL, "encrypted_password" character varying DEFAULT '' NOT NULL, "reset_password_token" character varying, "reset_password_sent_at" timestamp, "remember_created_at" timestamp, "created_at" timestamp(6) NOT NULL, "updated_at" timestamp(6) NOT NULL)[0m
  [1m[35m (2.2ms)[0m  [1m[35mCREATE UNIQUE INDEX "index_admin_users_on_email" ON "admin_users" ("email")[0m
  [1m[35m (1.5ms)[0m  [1m[35mCREATE UNIQUE INDEX "index_admin_users_on_reset_password_token" ON "admin_users" ("reset_password_token")[0m
  [1m[36mActiveRecord::SchemaMigration Create (0.3ms)[0m  [1m[32mINSERT INTO "schema_migrations" ("version") VALUES ($1) RETURNING "version"[0m  [["version", "20220910121244"]]
  [1m[36mTRANSACTION (1.1ms)[0m  [1m[35mCOMMIT[0m
Migrating to CreateActiveAdminComments (20220910121245)
  [1m[36mTRANSACTION (0.5ms)[0m  [1m[35mBEGIN[0m
  [1m[35m (8.2ms)[0m  [1m[35mCREATE TABLE "active_admin_comments" ("id" bigserial primary key, "namespace" character varying, "body" text, "resource_type" character varying, "resource_id" bigint, "author_type" character varying, "author_id" bigint, "created_at" timestamp(6) NOT NULL, "updated_at" timestamp(6) NOT NULL)[0m
  [1m[35m (2.5ms)[0m  [1m[35mCREATE INDEX "index_active_admin_comments_on_resource" ON "active_admin_comments" ("resource_type", "resource_id")[0m
  [1m[35m (2.6ms)[0m  [1m[35mCREATE INDEX "index_active_admin_comments_on_author" ON "active_admin_comments" ("author_type", "author_id")[0m
  [1m[35m (2.7ms)[0m  [1m[35mCREATE INDEX "index_active_admin_comments_on_namespace" ON "active_admin_comments" ("namespace")[0m
  [1m[36mActiveRecord::SchemaMigration Create (0.6ms)[0m  [1m[32mINSERT INTO "schema_migrations" ("version") VALUES ($1) RETURNING "version"[0m  [["version", "20220910121245"]]
  [1m[36mTRANSACTION (1.3ms)[0m  [1m[35mCOMMIT[0m
  [1m[36mActiveRecord::InternalMetadata Load (0.8ms)[0m  [1m[34mSELECT "ar_internal_metadata".* FROM "ar_internal_metadata" WHERE "ar_internal_metadata"."key" = $1 LIMIT $2[0m  [["key", "environment"], ["LIMIT", 1]]
  [1m[36mTRANSACTION (0.3ms)[0m  [1m[35mBEGIN[0m
  [1m[36mActiveRecord::InternalMetadata Create (0.7ms)[0m  [1m[32mINSERT INTO "ar_internal_metadata" ("key", "value", "created_at", "updated_at") VALUES ($1, $2, $3, $4) RETURNING "key"[0m  [["key", "environment"], ["value", "development"], ["created_at", "2022-09-10 12:12:52.938417"], ["updated_at", "2022-09-10 12:12:52.938417"]]
  [1m[36mTRANSACTION (0.7ms)[0m  [1m[35mCOMMIT[0m
  [1m[35m (0.4ms)[0m  [1m[34mSELECT pg_advisory_unlock(7036399119500660280)[0m
  [1m[35m (0.6ms)[0m  [1m[34mSELECT "schema_migrations"."version" FROM "schema_migrations" ORDER BY "schema_migrations"."version" ASC[0m
Started GET "/admin" for 127.0.0.1 at 2022-09-10 15:13:02 +0300
  [1m[35m (1.1ms)[0m  [1m[34mSELECT "schema_migrations"."version" FROM "schema_migrations" ORDER BY "schema_migrations"."version" ASC[0m
Processing by Admin::DashboardController#index as HTML
Completed 401 Unauthorized in 7ms (ActiveRecord: 0.0ms | Allocations: 1112)


Started GET "/admin/login" for 127.0.0.1 at 2022-09-10 15:13:02 +0300
Processing by ActiveAdmin::Devise::SessionsController#new as HTML
  Rendering layout /home/drew/.rbenv/versions/2.7.2/lib/ruby/gems/2.7.0/gems/activeadmin-2.13.1/app/views/layouts/active_admin_logged_out.html.erb
  Rendering /home/drew/.rbenv/versions/2.7.2/lib/ruby/gems/2.7.0/gems/activeadmin-2.13.1/app/views/active_admin/devise/sessions/new.html.erb within layouts/active_admin_logged_out
  Rendered /home/drew/.rbenv/versions/2.7.2/lib/ruby/gems/2.7.0/gems/activeadmin-2.13.1/app/views/active_admin/devise/shared/_links.erb (Duration: 7.0ms | Allocations: 610)
  Rendered /home/drew/.rbenv/versions/2.7.2/lib/ruby/gems/2.7.0/gems/activeadmin-2.13.1/app/views/active_admin/devise/sessions/new.html.erb within layouts/active_admin_logged_out (Duration: 30.3ms | Allocations: 10938)
  Rendered layout /home/drew/.rbenv/versions/2.7.2/lib/ruby/gems/2.7.0/gems/activeadmin-2.13.1/app/views/layouts/active_admin_logged_out.html.erb (Duration: 375.8ms | Allocations: 224657)
Completed 200 OK in 397ms (Views: 379.9ms | ActiveRecord: 2.9ms | Allocations: 231530)


Started POST "/admin/login" for 127.0.0.1 at 2022-09-10 15:13:07 +0300
Processing by ActiveAdmin::Devise::SessionsController#create as HTML
  Parameters: {"authenticity_token"=>"[FILTERED]", "admin_user"=>{"email"=>"admin", "password"=>"[FILTERED]", "remember_me"=>"0"}, "commit"=>"Login"}
  [1m[36mAdminUser Load (1.0ms)[0m  [1m[34mSELECT "admin_users".* FROM "admin_users" WHERE "admin_users"."email" = $1 ORDER BY "admin_users"."id" ASC LIMIT $2[0m  [["email", "admin"], ["LIMIT", 1]]
Completed 401 Unauthorized in 7ms (ActiveRecord: 1.9ms | Allocations: 2431)


Processing by ActiveAdmin::Devise::SessionsController#new as HTML
  Parameters: {"authenticity_token"=>"[FILTERED]", "admin_user"=>{"email"=>"admin", "password"=>"[FILTERED]", "remember_me"=>"0"}, "commit"=>"Login"}
  Rendering layout /home/drew/.rbenv/versions/2.7.2/lib/ruby/gems/2.7.0/gems/activeadmin-2.13.1/app/views/layouts/active_admin_logged_out.html.erb
  Rendering /home/drew/.rbenv/versions/2.7.2/lib/ruby/gems/2.7.0/gems/activeadmin-2.13.1/app/views/active_admin/devise/sessions/new.html.erb within layouts/active_admin_logged_out
  Rendered /home/drew/.rbenv/versions/2.7.2/lib/ruby/gems/2.7.0/gems/activeadmin-2.13.1/app/views/active_admin/devise/shared/_links.erb (Duration: 0.2ms | Allocations: 135)
  Rendered /home/drew/.rbenv/versions/2.7.2/lib/ruby/gems/2.7.0/gems/activeadmin-2.13.1/app/views/active_admin/devise/sessions/new.html.erb within layouts/active_admin_logged_out (Duration: 3.6ms | Allocations: 6716)
  Rendered layout /home/drew/.rbenv/versions/2.7.2/lib/ruby/gems/2.7.0/gems/activeadmin-2.13.1/app/views/layouts/active_admin_logged_out.html.erb (Duration: 14.3ms | Allocations: 18278)
Completed 200 OK in 202ms (Views: 14.7ms | ActiveRecord: 0.0ms | Allocations: 19764)


Started POST "/admin/login" for 127.0.0.1 at 2022-09-10 15:13:26 +0300
Processing by ActiveAdmin::Devise::SessionsController#create as HTML
  Parameters: {"authenticity_token"=>"[FILTERED]", "admin_user"=>{"email"=>"admin@example.comadmin", "password"=>"[FILTERED]", "remember_me"=>"0"}, "commit"=>"Login"}
  [1m[36mAdminUser Load (1.2ms)[0m  [1m[34mSELECT "admin_users".* FROM "admin_users" WHERE "admin_users"."email" = $1 ORDER BY "admin_users"."id" ASC LIMIT $2[0m  [["email", "admin@example.comadmin"], ["LIMIT", 1]]
Completed 401 Unauthorized in 5ms (ActiveRecord: 1.2ms | Allocations: 1570)


Processing by ActiveAdmin::Devise::SessionsController#new as HTML
  Parameters: {"authenticity_token"=>"[FILTERED]", "admin_user"=>{"email"=>"admin@example.comadmin", "password"=>"[FILTERED]", "remember_me"=>"0"}, "commit"=>"Login"}
  Rendering layout /home/drew/.rbenv/versions/2.7.2/lib/ruby/gems/2.7.0/gems/activeadmin-2.13.1/app/views/layouts/active_admin_logged_out.html.erb
  Rendering /home/drew/.rbenv/versions/2.7.2/lib/ruby/gems/2.7.0/gems/activeadmin-2.13.1/app/views/active_admin/devise/sessions/new.html.erb within layouts/active_admin_logged_out
  Rendered /home/drew/.rbenv/versions/2.7.2/lib/ruby/gems/2.7.0/gems/activeadmin-2.13.1/app/views/active_admin/devise/shared/_links.erb (Duration: 0.2ms | Allocations: 132)
  Rendered /home/drew/.rbenv/versions/2.7.2/lib/ruby/gems/2.7.0/gems/activeadmin-2.13.1/app/views/active_admin/devise/sessions/new.html.erb within layouts/active_admin_logged_out (Duration: 2.9ms | Allocations: 6098)
  Rendered layout /home/drew/.rbenv/versions/2.7.2/lib/ruby/gems/2.7.0/gems/activeadmin-2.13.1/app/views/layouts/active_admin_logged_out.html.erb (Duration: 10.9ms | Allocations: 17451)
Completed 200 OK in 197ms (Views: 11.2ms | ActiveRecord: 0.0ms | Allocations: 17927)


Started POST "/admin/login" for 127.0.0.1 at 2022-09-10 15:13:30 +0300
Processing by ActiveAdmin::Devise::SessionsController#create as HTML
  Parameters: {"authenticity_token"=>"[FILTERED]", "admin_user"=>{"email"=>"admin@example.comadmin", "password"=>"[FILTERED]", "remember_me"=>"0"}, "commit"=>"Login"}
  [1m[36mAdminUser Load (0.9ms)[0m  [1m[34mSELECT "admin_users".* FROM "admin_users" WHERE "admin_users"."email" = $1 ORDER BY "admin_users"."id" ASC LIMIT $2[0m  [["email", "admin@example.comadmin"], ["LIMIT", 1]]
Completed 401 Unauthorized in 4ms (ActiveRecord: 0.9ms | Allocations: 1590)


Processing by ActiveAdmin::Devise::SessionsController#new as HTML
  Parameters: {"authenticity_token"=>"[FILTERED]", "admin_user"=>{"email"=>"admin@example.comadmin", "password"=>"[FILTERED]", "remember_me"=>"0"}, "commit"=>"Login"}
  Rendering layout /home/drew/.rbenv/versions/2.7.2/lib/ruby/gems/2.7.0/gems/activeadmin-2.13.1/app/views/layouts/active_admin_logged_out.html.erb
  Rendering /home/drew/.rbenv/versions/2.7.2/lib/ruby/gems/2.7.0/gems/activeadmin-2.13.1/app/views/active_admin/devise/sessions/new.html.erb within layouts/active_admin_logged_out
  Rendered /home/drew/.rbenv/versions/2.7.2/lib/ruby/gems/2.7.0/gems/activeadmin-2.13.1/app/views/active_admin/devise/shared/_links.erb (Duration: 0.2ms | Allocations: 132)
  Rendered /home/drew/.rbenv/versions/2.7.2/lib/ruby/gems/2.7.0/gems/activeadmin-2.13.1/app/views/active_admin/devise/sessions/new.html.erb within layouts/active_admin_logged_out (Duration: 2.8ms | Allocations: 6101)
  Rendered layout /home/drew/.rbenv/versions/2.7.2/lib/ruby/gems/2.7.0/gems/activeadmin-2.13.1/app/views/layouts/active_admin_logged_out.html.erb (Duration: 10.4ms | Allocations: 17348)
Completed 200 OK in 202ms (Views: 10.7ms | ActiveRecord: 0.0ms | Allocations: 17825)


Started POST "/admin/login" for 127.0.0.1 at 2022-09-10 15:13:36 +0300
Processing by ActiveAdmin::Devise::SessionsController#create as HTML
  Parameters: {"authenticity_token"=>"[FILTERED]", "admin_user"=>{"email"=>"admin@example.comadmin", "password"=>"[FILTERED]", "remember_me"=>"0"}, "commit"=>"Login"}
  [1m[36mAdminUser Load (0.6ms)[0m  [1m[34mSELECT "admin_users".* FROM "admin_users" WHERE "admin_users"."email" = $1 ORDER BY "admin_users"."id" ASC LIMIT $2[0m  [["email", "admin@example.comadmin"], ["LIMIT", 1]]
Completed 401 Unauthorized in 3ms (ActiveRecord: 0.6ms | Allocations: 1588)


Processing by ActiveAdmin::Devise::SessionsController#new as HTML
  Parameters: {"authenticity_token"=>"[FILTERED]", "admin_user"=>{"email"=>"admin@example.comadmin", "password"=>"[FILTERED]", "remember_me"=>"0"}, "commit"=>"Login"}
  Rendering layout /home/drew/.rbenv/versions/2.7.2/lib/ruby/gems/2.7.0/gems/activeadmin-2.13.1/app/views/layouts/active_admin_logged_out.html.erb
  Rendering /home/drew/.rbenv/versions/2.7.2/lib/ruby/gems/2.7.0/gems/activeadmin-2.13.1/app/views/active_admin/devise/sessions/new.html.erb within layouts/active_admin_logged_out
  Rendered /home/drew/.rbenv/versions/2.7.2/lib/ruby/gems/2.7.0/gems/activeadmin-2.13.1/app/views/active_admin/devise/shared/_links.erb (Duration: 0.2ms | Allocations: 132)
  Rendered /home/drew/.rbenv/versions/2.7.2/lib/ruby/gems/2.7.0/gems/activeadmin-2.13.1/app/views/active_admin/devise/sessions/new.html.erb within layouts/active_admin_logged_out (Duration: 3.1ms | Allocations: 6100)
  Rendered layout /home/drew/.rbenv/versions/2.7.2/lib/ruby/gems/2.7.0/gems/activeadmin-2.13.1/app/views/layouts/active_admin_logged_out.html.erb (Duration: 10.6ms | Allocations: 17345)
Completed 200 OK in 192ms (Views: 10.9ms | ActiveRecord: 0.0ms | Allocations: 17823)


Started POST "/admin/login" for 127.0.0.1 at 2022-09-10 15:13:44 +0300
Processing by ActiveAdmin::Devise::SessionsController#create as HTML
  Parameters: {"authenticity_token"=>"[FILTERED]", "admin_user"=>{"email"=>"admin@example.com", "password"=>"[FILTERED]", "remember_me"=>"0"}, "commit"=>"Login"}
  [1m[36mAdminUser Load (0.9ms)[0m  [1m[34mSELECT "admin_users".* FROM "admin_users" WHERE "admin_users"."email" = $1 ORDER BY "admin_users"."id" ASC LIMIT $2[0m  [["email", "admin@example.com"], ["LIMIT", 1]]
Completed 401 Unauthorized in 4ms (ActiveRecord: 0.9ms | Allocations: 1570)


Processing by ActiveAdmin::Devise::SessionsController#new as HTML
  Parameters: {"authenticity_token"=>"[FILTERED]", "admin_user"=>{"email"=>"admin@example.com", "password"=>"[FILTERED]", "remember_me"=>"0"}, "commit"=>"Login"}
  Rendering layout /home/drew/.rbenv/versions/2.7.2/lib/ruby/gems/2.7.0/gems/activeadmin-2.13.1/app/views/layouts/active_admin_logged_out.html.erb
  Rendering /home/drew/.rbenv/versions/2.7.2/lib/ruby/gems/2.7.0/gems/activeadmin-2.13.1/app/views/active_admin/devise/sessions/new.html.erb within layouts/active_admin_logged_out
  Rendered /home/drew/.rbenv/versions/2.7.2/lib/ruby/gems/2.7.0/gems/activeadmin-2.13.1/app/views/active_admin/devise/shared/_links.erb (Duration: 0.2ms | Allocations: 132)
  Rendered /home/drew/.rbenv/versions/2.7.2/lib/ruby/gems/2.7.0/gems/activeadmin-2.13.1/app/views/active_admin/devise/sessions/new.html.erb within layouts/active_admin_logged_out (Duration: 2.9ms | Allocations: 6092)
  Rendered layout /home/drew/.rbenv/versions/2.7.2/lib/ruby/gems/2.7.0/gems/activeadmin-2.13.1/app/views/layouts/active_admin_logged_out.html.erb (Duration: 12.2ms | Allocations: 17371)
Completed 200 OK in 199ms (Views: 12.7ms | ActiveRecord: 0.0ms | Allocations: 17846)


Started POST "/admin/login" for 127.0.0.1 at 2022-09-10 15:13:47 +0300
Processing by ActiveAdmin::Devise::SessionsController#create as HTML
  Parameters: {"authenticity_token"=>"[FILTERED]", "admin_user"=>{"email"=>"admin@example.com", "password"=>"[FILTERED]", "remember_me"=>"0"}, "commit"=>"Login"}
  [1m[36mAdminUser Load (0.7ms)[0m  [1m[34mSELECT "admin_users".* FROM "admin_users" WHERE "admin_users"."email" = $1 ORDER BY "admin_users"."id" ASC LIMIT $2[0m  [["email", "admin@example.com"], ["LIMIT", 1]]
Completed 401 Unauthorized in 3ms (ActiveRecord: 0.7ms | Allocations: 1590)


Processing by ActiveAdmin::Devise::SessionsController#new as HTML
  Parameters: {"authenticity_token"=>"[FILTERED]", "admin_user"=>{"email"=>"admin@example.com", "password"=>"[FILTERED]", "remember_me"=>"0"}, "commit"=>"Login"}
  Rendering layout /home/drew/.rbenv/versions/2.7.2/lib/ruby/gems/2.7.0/gems/activeadmin-2.13.1/app/views/layouts/active_admin_logged_out.html.erb
  Rendering /home/drew/.rbenv/versions/2.7.2/lib/ruby/gems/2.7.0/gems/activeadmin-2.13.1/app/views/active_admin/devise/sessions/new.html.erb within layouts/active_admin_logged_out
  Rendered /home/drew/.rbenv/versions/2.7.2/lib/ruby/gems/2.7.0/gems/activeadmin-2.13.1/app/views/active_admin/devise/shared/_links.erb (Duration: 0.2ms | Allocations: 132)
  Rendered /home/drew/.rbenv/versions/2.7.2/lib/ruby/gems/2.7.0/gems/activeadmin-2.13.1/app/views/active_admin/devise/sessions/new.html.erb within layouts/active_admin_logged_out (Duration: 3.1ms | Allocations: 6101)
  Rendered layout /home/drew/.rbenv/versions/2.7.2/lib/ruby/gems/2.7.0/gems/activeadmin-2.13.1/app/views/layouts/active_admin_logged_out.html.erb (Duration: 11.0ms | Allocations: 17502)
Completed 200 OK in 196ms (Views: 11.4ms | ActiveRecord: 0.0ms | Allocations: 17979)


Started POST "/admin/login" for 127.0.0.1 at 2022-09-10 15:13:52 +0300
Processing by ActiveAdmin::Devise::SessionsController#create as HTML
  Parameters: {"authenticity_token"=>"[FILTERED]", "admin_user"=>{"email"=>"admin@example.com", "password"=>"[FILTERED]", "remember_me"=>"0"}, "commit"=>"Login"}
  [1m[36mAdminUser Load (0.6ms)[0m  [1m[34mSELECT "admin_users".* FROM "admin_users" WHERE "admin_users"."email" = $1 ORDER BY "admin_users"."id" ASC LIMIT $2[0m  [["email", "admin@example.com"], ["LIMIT", 1]]
Completed 401 Unauthorized in 3ms (ActiveRecord: 0.6ms | Allocations: 1570)


Processing by ActiveAdmin::Devise::SessionsController#new as HTML
  Parameters: {"authenticity_token"=>"[FILTERED]", "admin_user"=>{"email"=>"admin@example.com", "password"=>"[FILTERED]", "remember_me"=>"0"}, "commit"=>"Login"}
  Rendering layout /home/drew/.rbenv/versions/2.7.2/lib/ruby/gems/2.7.0/gems/activeadmin-2.13.1/app/views/layouts/active_admin_logged_out.html.erb
  Rendering /home/drew/.rbenv/versions/2.7.2/lib/ruby/gems/2.7.0/gems/activeadmin-2.13.1/app/views/active_admin/devise/sessions/new.html.erb within layouts/active_admin_logged_out
  Rendered /home/drew/.rbenv/versions/2.7.2/lib/ruby/gems/2.7.0/gems/activeadmin-2.13.1/app/views/active_admin/devise/shared/_links.erb (Duration: 0.2ms | Allocations: 132)
  Rendered /home/drew/.rbenv/versions/2.7.2/lib/ruby/gems/2.7.0/gems/activeadmin-2.13.1/app/views/active_admin/devise/sessions/new.html.erb within layouts/active_admin_logged_out (Duration: 3.1ms | Allocations: 6092)
  Rendered layout /home/drew/.rbenv/versions/2.7.2/lib/ruby/gems/2.7.0/gems/activeadmin-2.13.1/app/views/layouts/active_admin_logged_out.html.erb (Duration: 10.9ms | Allocations: 17349)
Completed 200 OK in 193ms (Views: 11.3ms | ActiveRecord: 0.0ms | Allocations: 17824)


  [1m[35m (0.3ms)[0m  [1m[34mSELECT "schema_migrations"."version" FROM "schema_migrations" ORDER BY "schema_migrations"."version" ASC[0m
  [1m[36mTRANSACTION (0.2ms)[0m  [1m[35mBEGIN[0m
  [1m[36mAdminUser Exists? (0.4ms)[0m  [1m[34mSELECT 1 AS one FROM "admin_users" WHERE "admin_users"."email" = $1 LIMIT $2[0m  [["email", "admin@example.com"], ["LIMIT", 1]]
  [1m[36mAdminUser Create (0.4ms)[0m  [1m[32mINSERT INTO "admin_users" ("email", "encrypted_password", "created_at", "updated_at") VALUES ($1, $2, $3, $4) RETURNING "id"[0m  [["email", "admin@example.com"], ["encrypted_password", "$2a$12$RDT6fN.bpRjvlzGJZGH.o...yoqnsHvdbB5bTNxpfGF6AB5TlZTH2"], ["created_at", "2022-09-10 12:14:34.523538"], ["updated_at", "2022-09-10 12:14:34.523538"]]
  [1m[36mTRANSACTION (0.7ms)[0m  [1m[35mCOMMIT[0m
Started POST "/admin/login" for 127.0.0.1 at 2022-09-10 15:14:43 +0300
  [1m[35m (1.0ms)[0m  [1m[34mSELECT "schema_migrations"."version" FROM "schema_migrations" ORDER BY "schema_migrations"."version" ASC[0m
Processing by ActiveAdmin::Devise::SessionsController#create as HTML
  Parameters: {"authenticity_token"=>"[FILTERED]", "admin_user"=>{"email"=>"admin@example.com", "password"=>"[FILTERED]", "remember_me"=>"1"}, "commit"=>"Login"}
  [1m[36mAdminUser Load (0.6ms)[0m  [1m[34mSELECT "admin_users".* FROM "admin_users" WHERE "admin_users"."email" = $1 ORDER BY "admin_users"."id" ASC LIMIT $2[0m  [["email", "admin@example.com"], ["LIMIT", 1]]
  [1m[36mTRANSACTION (0.6ms)[0m  [1m[35mBEGIN[0m
  [1m[36mAdminUser Update (0.7ms)[0m  [1m[33mUPDATE "admin_users" SET "remember_created_at" = $1, "updated_at" = $2 WHERE "admin_users"."id" = $3[0m  [["remember_created_at", "2022-09-10 12:14:43.764767"], ["updated_at", "2022-09-10 12:14:43.765030"], ["id", 1]]
  [1m[36mTRANSACTION (1.4ms)[0m  [1m[35mCOMMIT[0m
Redirected to http://localhost:3000/admin
Completed 302 Found in 224ms (ActiveRecord: 8.5ms | Allocations: 15825)


Started GET "/admin" for 127.0.0.1 at 2022-09-10 15:14:43 +0300
Processing by Admin::DashboardController#index as HTML
  [1m[36mAdminUser Load (0.7ms)[0m  [1m[34mSELECT "admin_users".* FROM "admin_users" WHERE "admin_users"."id" = $1 ORDER BY "admin_users"."id" ASC LIMIT $2[0m  [["id", 1], ["LIMIT", 1]]
  Rendering /home/drew/.rbenv/versions/2.7.2/lib/ruby/gems/2.7.0/gems/activeadmin-2.13.1/app/views/active_admin/page/index.html.arb
  Rendered /home/drew/.rbenv/versions/2.7.2/lib/ruby/gems/2.7.0/gems/activeadmin-2.13.1/app/views/active_admin/page/index.html.arb (Duration: 33.1ms | Allocations: 31935)
Completed 200 OK in 46ms (Views: 34.3ms | ActiveRecord: 0.7ms | Allocations: 35024)


